<?xml version="1.0" encoding="UTF-8"?>
<!-- Generated by org.testng.reporters.JUnitXMLReporter -->
<testsuite ignored="1" hostname="Vishesh-Raaj" failures="0" tests="3" name="chromeTest" time="48.944" errors="0" timestamp="18 Jun 2021 10:12:40 GMT">
  <testcase classname="com.anz.www.full.cucumber.options.ChromeTest" name="Test2" time="39.192"/>
  <testcase classname="com.anz.www.full.cucumber.options.ChromeTest" name="Test1" time="47.158"/>
  <testcase classname="com.anz.www.full.cucumber.options.ChromeTest" name="Test3" time="48.77"/>
  <testcase classname="com.anz.www.full.cucumber.options.ChromeTest" name="Test4" time="0.0">
    <ignored/>
  </testcase> <!-- Test4 -->
</testsuite> <!-- chromeTest -->
