<?xml version="1.0" encoding="UTF-8"?>
<!-- Generated by org.testng.reporters.JUnitXMLReporter -->
<testsuite ignored="3" hostname="Vishesh-Raaj" failures="0" tests="1" name="firefoxTest" time="83.015" errors="0" timestamp="18 Jun 2021 10:14:03 GMT">
  <testcase classname="com.anz.www.full.cucumber.options.ChromeTest" name="Test4" time="82.999"/>
  <testcase classname="com.anz.www.full.cucumber.options.ChromeTest" name="Test1" time="0.0">
    <ignored/>
  </testcase> <!-- Test1 -->
  <testcase classname="com.anz.www.full.cucumber.options.ChromeTest" name="Test2" time="0.0">
    <ignored/>
  </testcase> <!-- Test2 -->
  <testcase classname="com.anz.www.full.cucumber.options.ChromeTest" name="Test3" time="0.0">
    <ignored/>
  </testcase> <!-- Test3 -->
</testsuite> <!-- firefoxTest -->
