<?xml version="1.0" encoding="UTF-8"?>
<testng-results ignored="4" total="8" passed="4" failed="0" skipped="0">
  <reporter-output>
  </reporter-output>
  <suite started-at="2021-06-18T10:11:50Z" name="TitleOperation" finished-at="2021-06-18T10:14:03Z" duration-ms="133251">
    <groups>
    </groups>
    <test started-at="2021-06-18T10:11:50Z" name="chromeTest" finished-at="2021-06-18T10:12:39Z" duration-ms="48944">
      <class name="com.anz.www.full.cucumber.options.ChromeTest">
        <test-method signature="Test3()[pri:0, instance:com.anz.www.full.cucumber.options.ChromeTest@68f1b17f]" started-at="2021-06-18T15:41:50Z" name="Test3" finished-at="2021-06-18T15:42:39Z" duration-ms="48770" status="PASS">
          <reporter-output>
          </reporter-output>
        </test-method> <!-- Test3 -->
        <test-method signature="Test2()[pri:0, instance:com.anz.www.full.cucumber.options.ChromeTest@68f1b17f]" started-at="2021-06-18T15:41:50Z" name="Test2" finished-at="2021-06-18T15:42:29Z" duration-ms="39192" status="PASS">
          <reporter-output>
          </reporter-output>
        </test-method> <!-- Test2 -->
        <test-method signature="Test1()[pri:0, instance:com.anz.www.full.cucumber.options.ChromeTest@68f1b17f]" started-at="2021-06-18T15:41:50Z" name="Test1" finished-at="2021-06-18T15:42:37Z" duration-ms="47158" status="PASS">
          <reporter-output>
          </reporter-output>
        </test-method> <!-- Test1 -->
      </class> <!-- com.anz.www.full.cucumber.options.ChromeTest -->
    </test> <!-- chromeTest -->
    <test started-at="2021-06-18T10:12:40Z" name="firefoxTest" finished-at="2021-06-18T10:14:03Z" duration-ms="83015">
      <class name="com.anz.www.full.cucumber.options.ChromeTest">
        <test-method signature="Test4()[pri:0, instance:com.anz.www.full.cucumber.options.ChromeTest@4066c471]" started-at="2021-06-18T15:42:40Z" name="Test4" finished-at="2021-06-18T15:44:03Z" duration-ms="82999" status="PASS">
          <reporter-output>
          </reporter-output>
        </test-method> <!-- Test4 -->
      </class> <!-- com.anz.www.full.cucumber.options.ChromeTest -->
    </test> <!-- firefoxTest -->
  </suite> <!-- TitleOperation -->
</testng-results>
